<?xml version="1.0" encoding="UTF-8"?>
<!-- Generated by org.testng.reporters.JUnitXMLReporter -->
<testsuite hostname="US1270607" name="View Portfolio Summary Test" tests="1" failures="0" timestamp="22 Feb 2016 15:19:49 GMT" time="0.843" errors="0">
  <testcase name="@BeforeClass beforeClass" time="0.0" classname="testCases.ViewPortfolioSummary">
    <skipped/>
  </testcase> <!-- @BeforeClass beforeClass -->
  <testcase name="@BeforeMethod beforeTestCase" time="0.0" classname="testCases.ViewPortfolioSummary">
    <skipped/>
  </testcase> <!-- @BeforeMethod beforeTestCase -->
  <testcase name="@AfterMethod afterTestCase" time="0.0" classname="testCases.ViewPortfolioSummary">
    <skipped/>
  </testcase> <!-- @AfterMethod afterTestCase -->
  <testcase name="@AfterClass afterClass" time="0.0" classname="testCases.ViewPortfolioSummary">
    <skipped/>
  </testcase> <!-- @AfterClass afterClass -->
  <testcase name="AccessDocuments_GSSP_3787" time="0.0" classname="testCases.ViewPortfolioSummary">
    <skipped/>
  </testcase> <!-- AccessDocuments_GSSP_3787 -->
</testsuite> <!-- View Portfolio Summary Test -->
